Arguments: 
  /Users/saonian/.nvm/versions/node/v16.13.1/bin/node /opt/homebrew/Cellar/yarn/1.22.19/libexec/bin/yarn.js add undici

PATH: 
  /Users/saonian/.nvm/versions/node/v16.13.1/bin:/Library/Frameworks/Python.framework/Versions/2.7/bin:/opt/homebrew/bin:/opt/homebrew/sbin:/usr/local/bin:/System/Cryptexes/App/usr/bin:/usr/bin:/bin:/usr/sbin:/sbin:/Library/Apple/usr/bin

Yarn version: 
  1.22.19

Node version: 
  16.13.1

Platform: 
  darwin arm64

Trace: 
  Error: read ECONNRESET
      at TLSWrap.onStreamRead (node:internal/stream_base_commons:220:20)

npm manifest: 
  {
    "name": "grapemusic-nft-contract",
    "version": "1.0.0",
    "description": "",
    "main": "index.js",
    "module": "true",
    "scripts": {
      "compile": "npx hardhat compile",
      "test": "npx hardhat test",
      "clean": "npx hardhat clean",
      "deploy": "npx hardhat run scripts/deploy.js",
      "verify": "npx hardhat verify --network"
    },
    "repository": {
      "type": "git",
      "url": "git+https://github.com/GrapeMusic/grapemusic-nft-contract.git"
    },
    "keywords": [],
    "author": "",
    "license": "ISC",
    "bugs": {
      "url": "https://github.com/GrapeMusic/grapemusic-nft-contract/issues"
    },
    "homepage": "https://github.com/GrapeMusic/grapemusic-nft-contract#readme",
    "devDependencies": {
      "@nomiclabs/hardhat-ethers": "^2.0.5",
      "@nomiclabs/hardhat-etherscan": "^3.0.3",
      "@nomiclabs/hardhat-waffle": "^2.0.3",
      "@openzeppelin/contracts": "^4.5.0",
      "chai": "^4.3.6",
      "dotenv": "^10.0.0",
      "erc721a": "^3.1.0",
      "eslint": "^7.32.0",
      "eslint-config-prettier": "^8.5.0",
      "eslint-config-standard": "^16.0.3",
      "eslint-plugin-import": "^2.25.4",
      "eslint-plugin-node": "^11.1.0",
      "eslint-plugin-prettier": "^3.4.1",
      "eslint-plugin-promise": "^5.2.0",
      "ethereum-waffle": "^3.4.0",
      "ethers": "^5.6.1",
      "hardhat": "^2.9.1",
      "hardhat-gas-reporter": "^1.0.8",
      "prettier": "^2.6.0",
      "prettier-plugin-solidity": "^1.0.0-beta.13",
      "solhint": "^1.0.10",
      "solidity-coverage": "^0.7.20"
    }
  }

yarn manifest: 
  No manifest

Lockfile: 
  No lockfile
